2014-02-09 16:21:11,020 - Parser Exception: log tag
org.apache.velocity.runtime.parser.ParseException: Encountered "null" at line 28, column 14.
Was expecting one of:
    "[" ...
    "{" ...
    "(" ...
    <STRING_LITERAL> ...
    "true" ...
    "false" ...
    <INTEGER_LITERAL> ...
    <FLOATING_POINT_LITERAL> ...
    <IDENTIFIER> ...
    "{" ...
    "[" ...
    
	at org.apache.velocity.runtime.parser.Parser.generateParseException(Parser.java:3679)
	at org.apache.velocity.runtime.parser.Parser.jj_consume_token(Parser.java:3558)
	at org.apache.velocity.runtime.parser.Parser.PrimaryExpression(Parser.java:2644)
	at org.apache.velocity.runtime.parser.Parser.UnaryExpression(Parser.java:2586)
	at org.apache.velocity.runtime.parser.Parser.MultiplicativeExpression(Parser.java:2435)
	at org.apache.velocity.runtime.parser.Parser.AdditiveExpression(Parser.java:2359)
	at org.apache.velocity.runtime.parser.Parser.RelationalExpression(Parser.java:2227)
	at org.apache.velocity.runtime.parser.Parser.EqualityExpression(Parser.java:2197)
	at org.apache.velocity.runtime.parser.Parser.ConditionalAndExpression(Parser.java:2111)
	at org.apache.velocity.runtime.parser.Parser.ConditionalOrExpression(Parser.java:2071)
	at org.apache.velocity.runtime.parser.Parser.Expression(Parser.java:2018)
	at org.apache.velocity.runtime.parser.Parser.IfStatement(Parser.java:1655)
	at org.apache.velocity.runtime.parser.Parser.Statement(Parser.java:352)
	at org.apache.velocity.runtime.parser.Parser.process(Parser.java:317)
	at org.apache.velocity.runtime.parser.Parser.parse(Parser.java:117)
	at org.apache.velocity.runtime.RuntimeInstance.parse(RuntimeInstance.java:1226)
	at org.apache.velocity.runtime.RuntimeInstance.parse(RuntimeInstance.java:1181)
	at org.apache.velocity.runtime.RuntimeInstance.evaluate(RuntimeInstance.java:1297)
	at org.apache.velocity.runtime.RuntimeInstance.evaluate(RuntimeInstance.java:1265)
	at org.apache.velocity.app.Velocity.evaluate(Velocity.java:180)
	at org.reluxa.mail.EmailComposer.getWeeklyEvalEmail(EmailComposer.java:47)
	at org.reluxa.squash.mail.EmailComposerTest.testWeeklyGeneration(EmailComposerTest.java:33)
	at sun.reflect.NativeMethodAccessorImpl.invoke0(Native Method)
	at sun.reflect.NativeMethodAccessorImpl.invoke(NativeMethodAccessorImpl.java:57)
	at sun.reflect.DelegatingMethodAccessorImpl.invoke(DelegatingMethodAccessorImpl.java:43)
	at java.lang.reflect.Method.invoke(Method.java:601)
	at org.junit.runners.model.FrameworkMethod$1.runReflectiveCall(FrameworkMethod.java:44)
	at org.junit.internal.runners.model.ReflectiveCallable.run(ReflectiveCallable.java:15)
	at org.junit.runners.model.FrameworkMethod.invokeExplosively(FrameworkMethod.java:41)
	at org.junit.internal.runners.statements.InvokeMethod.evaluate(InvokeMethod.java:20)
	at org.junit.runners.BlockJUnit4ClassRunner.runNotIgnored(BlockJUnit4ClassRunner.java:79)
	at org.junit.runners.BlockJUnit4ClassRunner.runChild(BlockJUnit4ClassRunner.java:71)
	at org.junit.runners.BlockJUnit4ClassRunner.runChild(BlockJUnit4ClassRunner.java:49)
	at org.junit.runners.ParentRunner$3.run(ParentRunner.java:193)
	at org.junit.runners.ParentRunner$1.schedule(ParentRunner.java:52)
	at org.junit.runners.ParentRunner.runChildren(ParentRunner.java:191)
	at org.junit.runners.ParentRunner.access$000(ParentRunner.java:42)
	at org.junit.runners.ParentRunner$2.evaluate(ParentRunner.java:184)
	at org.junit.runners.ParentRunner.run(ParentRunner.java:236)
	at org.eclipse.jdt.internal.junit4.runner.JUnit4TestReference.run(JUnit4TestReference.java:50)
	at org.eclipse.jdt.internal.junit.runner.TestExecution.run(TestExecution.java:38)
	at org.eclipse.jdt.internal.junit.runner.RemoteTestRunner.runTests(RemoteTestRunner.java:467)
	at org.eclipse.jdt.internal.junit.runner.RemoteTestRunner.runTests(RemoteTestRunner.java:683)
	at org.eclipse.jdt.internal.junit.runner.RemoteTestRunner.run(RemoteTestRunner.java:390)
	at org.eclipse.jdt.internal.junit.runner.RemoteTestRunner.main(RemoteTestRunner.java:197)
2014-02-09 16:21:26,514 - Parser Exception: log tag
org.apache.velocity.runtime.parser.ParseException: Encountered "null" at line 28, column 14.
Was expecting one of:
    "[" ...
    "{" ...
    "(" ...
    <STRING_LITERAL> ...
    "true" ...
    "false" ...
    <INTEGER_LITERAL> ...
    <FLOATING_POINT_LITERAL> ...
    <IDENTIFIER> ...
    "{" ...
    "[" ...
    
	at org.apache.velocity.runtime.parser.Parser.generateParseException(Parser.java:3679)
	at org.apache.velocity.runtime.parser.Parser.jj_consume_token(Parser.java:3558)
	at org.apache.velocity.runtime.parser.Parser.PrimaryExpression(Parser.java:2644)
	at org.apache.velocity.runtime.parser.Parser.UnaryExpression(Parser.java:2586)
	at org.apache.velocity.runtime.parser.Parser.MultiplicativeExpression(Parser.java:2435)
	at org.apache.velocity.runtime.parser.Parser.AdditiveExpression(Parser.java:2359)
	at org.apache.velocity.runtime.parser.Parser.RelationalExpression(Parser.java:2227)
	at org.apache.velocity.runtime.parser.Parser.EqualityExpression(Parser.java:2197)
	at org.apache.velocity.runtime.parser.Parser.ConditionalAndExpression(Parser.java:2111)
	at org.apache.velocity.runtime.parser.Parser.ConditionalOrExpression(Parser.java:2071)
	at org.apache.velocity.runtime.parser.Parser.Expression(Parser.java:2018)
	at org.apache.velocity.runtime.parser.Parser.IfStatement(Parser.java:1655)
	at org.apache.velocity.runtime.parser.Parser.Statement(Parser.java:352)
	at org.apache.velocity.runtime.parser.Parser.process(Parser.java:317)
	at org.apache.velocity.runtime.parser.Parser.parse(Parser.java:117)
	at org.apache.velocity.runtime.RuntimeInstance.parse(RuntimeInstance.java:1226)
	at org.apache.velocity.runtime.RuntimeInstance.parse(RuntimeInstance.java:1181)
	at org.apache.velocity.runtime.RuntimeInstance.evaluate(RuntimeInstance.java:1297)
	at org.apache.velocity.runtime.RuntimeInstance.evaluate(RuntimeInstance.java:1265)
	at org.apache.velocity.app.Velocity.evaluate(Velocity.java:180)
	at org.reluxa.mail.EmailComposer.getWeeklyEvalEmail(EmailComposer.java:47)
	at org.reluxa.squash.mail.EmailComposerTest.testWeeklyGeneration(EmailComposerTest.java:33)
	at sun.reflect.NativeMethodAccessorImpl.invoke0(Native Method)
	at sun.reflect.NativeMethodAccessorImpl.invoke(NativeMethodAccessorImpl.java:57)
	at sun.reflect.DelegatingMethodAccessorImpl.invoke(DelegatingMethodAccessorImpl.java:43)
	at java.lang.reflect.Method.invoke(Method.java:601)
	at org.junit.runners.model.FrameworkMethod$1.runReflectiveCall(FrameworkMethod.java:44)
	at org.junit.internal.runners.model.ReflectiveCallable.run(ReflectiveCallable.java:15)
	at org.junit.runners.model.FrameworkMethod.invokeExplosively(FrameworkMethod.java:41)
	at org.junit.internal.runners.statements.InvokeMethod.evaluate(InvokeMethod.java:20)
	at org.junit.runners.BlockJUnit4ClassRunner.runNotIgnored(BlockJUnit4ClassRunner.java:79)
	at org.junit.runners.BlockJUnit4ClassRunner.runChild(BlockJUnit4ClassRunner.java:71)
	at org.junit.runners.BlockJUnit4ClassRunner.runChild(BlockJUnit4ClassRunner.java:49)
	at org.junit.runners.ParentRunner$3.run(ParentRunner.java:193)
	at org.junit.runners.ParentRunner$1.schedule(ParentRunner.java:52)
	at org.junit.runners.ParentRunner.runChildren(ParentRunner.java:191)
	at org.junit.runners.ParentRunner.access$000(ParentRunner.java:42)
	at org.junit.runners.ParentRunner$2.evaluate(ParentRunner.java:184)
	at org.junit.runners.ParentRunner.run(ParentRunner.java:236)
	at org.eclipse.jdt.internal.junit4.runner.JUnit4TestReference.run(JUnit4TestReference.java:50)
	at org.eclipse.jdt.internal.junit.runner.TestExecution.run(TestExecution.java:38)
	at org.eclipse.jdt.internal.junit.runner.RemoteTestRunner.runTests(RemoteTestRunner.java:467)
	at org.eclipse.jdt.internal.junit.runner.RemoteTestRunner.runTests(RemoteTestRunner.java:683)
	at org.eclipse.jdt.internal.junit.runner.RemoteTestRunner.run(RemoteTestRunner.java:390)
	at org.eclipse.jdt.internal.junit.runner.RemoteTestRunner.main(RemoteTestRunner.java:197)
2014-02-09 16:21:33,136 - Parser Exception: log tag
org.apache.velocity.runtime.parser.ParseException: Encountered "null" at line 28, column 14.
Was expecting one of:
    "[" ...
    "{" ...
    "(" ...
    <STRING_LITERAL> ...
    "true" ...
    "false" ...
    <INTEGER_LITERAL> ...
    <FLOATING_POINT_LITERAL> ...
    <IDENTIFIER> ...
    "{" ...
    "[" ...
    
	at org.apache.velocity.runtime.parser.Parser.generateParseException(Parser.java:3679)
	at org.apache.velocity.runtime.parser.Parser.jj_consume_token(Parser.java:3558)
	at org.apache.velocity.runtime.parser.Parser.PrimaryExpression(Parser.java:2644)
	at org.apache.velocity.runtime.parser.Parser.UnaryExpression(Parser.java:2586)
	at org.apache.velocity.runtime.parser.Parser.MultiplicativeExpression(Parser.java:2435)
	at org.apache.velocity.runtime.parser.Parser.AdditiveExpression(Parser.java:2359)
	at org.apache.velocity.runtime.parser.Parser.RelationalExpression(Parser.java:2227)
	at org.apache.velocity.runtime.parser.Parser.EqualityExpression(Parser.java:2197)
	at org.apache.velocity.runtime.parser.Parser.ConditionalAndExpression(Parser.java:2111)
	at org.apache.velocity.runtime.parser.Parser.ConditionalOrExpression(Parser.java:2071)
	at org.apache.velocity.runtime.parser.Parser.Expression(Parser.java:2018)
	at org.apache.velocity.runtime.parser.Parser.IfStatement(Parser.java:1655)
	at org.apache.velocity.runtime.parser.Parser.Statement(Parser.java:352)
	at org.apache.velocity.runtime.parser.Parser.process(Parser.java:317)
	at org.apache.velocity.runtime.parser.Parser.parse(Parser.java:117)
	at org.apache.velocity.runtime.RuntimeInstance.parse(RuntimeInstance.java:1226)
	at org.apache.velocity.runtime.RuntimeInstance.parse(RuntimeInstance.java:1181)
	at org.apache.velocity.runtime.RuntimeInstance.evaluate(RuntimeInstance.java:1297)
	at org.apache.velocity.runtime.RuntimeInstance.evaluate(RuntimeInstance.java:1265)
	at org.apache.velocity.app.Velocity.evaluate(Velocity.java:180)
	at org.reluxa.mail.EmailComposer.getWeeklyEvalEmail(EmailComposer.java:47)
	at org.reluxa.squash.mail.EmailComposerTest.testWeeklyGeneration(EmailComposerTest.java:33)
	at sun.reflect.NativeMethodAccessorImpl.invoke0(Native Method)
	at sun.reflect.NativeMethodAccessorImpl.invoke(NativeMethodAccessorImpl.java:57)
	at sun.reflect.DelegatingMethodAccessorImpl.invoke(DelegatingMethodAccessorImpl.java:43)
	at java.lang.reflect.Method.invoke(Method.java:601)
	at org.junit.runners.model.FrameworkMethod$1.runReflectiveCall(FrameworkMethod.java:44)
	at org.junit.internal.runners.model.ReflectiveCallable.run(ReflectiveCallable.java:15)
	at org.junit.runners.model.FrameworkMethod.invokeExplosively(FrameworkMethod.java:41)
	at org.junit.internal.runners.statements.InvokeMethod.evaluate(InvokeMethod.java:20)
	at org.junit.runners.BlockJUnit4ClassRunner.runNotIgnored(BlockJUnit4ClassRunner.java:79)
	at org.junit.runners.BlockJUnit4ClassRunner.runChild(BlockJUnit4ClassRunner.java:71)
	at org.junit.runners.BlockJUnit4ClassRunner.runChild(BlockJUnit4ClassRunner.java:49)
	at org.junit.runners.ParentRunner$3.run(ParentRunner.java:193)
	at org.junit.runners.ParentRunner$1.schedule(ParentRunner.java:52)
	at org.junit.runners.ParentRunner.runChildren(ParentRunner.java:191)
	at org.junit.runners.ParentRunner.access$000(ParentRunner.java:42)
	at org.junit.runners.ParentRunner$2.evaluate(ParentRunner.java:184)
	at org.junit.runners.ParentRunner.run(ParentRunner.java:236)
	at org.eclipse.jdt.internal.junit4.runner.JUnit4TestReference.run(JUnit4TestReference.java:50)
	at org.eclipse.jdt.internal.junit.runner.TestExecution.run(TestExecution.java:38)
	at org.eclipse.jdt.internal.junit.runner.RemoteTestRunner.runTests(RemoteTestRunner.java:467)
	at org.eclipse.jdt.internal.junit.runner.RemoteTestRunner.runTests(RemoteTestRunner.java:683)
	at org.eclipse.jdt.internal.junit.runner.RemoteTestRunner.run(RemoteTestRunner.java:390)
	at org.eclipse.jdt.internal.junit.runner.RemoteTestRunner.main(RemoteTestRunner.java:197)
2014-02-09 16:21:47,670 - Parser Exception: log tag
org.apache.velocity.runtime.parser.ParseException: Encountered "null" at line 28, column 14.
Was expecting one of:
    "[" ...
    "{" ...
    "(" ...
    <STRING_LITERAL> ...
    "true" ...
    "false" ...
    <INTEGER_LITERAL> ...
    <FLOATING_POINT_LITERAL> ...
    <IDENTIFIER> ...
    "{" ...
    "[" ...
    
	at org.apache.velocity.runtime.parser.Parser.generateParseException(Parser.java:3679)
	at org.apache.velocity.runtime.parser.Parser.jj_consume_token(Parser.java:3558)
	at org.apache.velocity.runtime.parser.Parser.PrimaryExpression(Parser.java:2644)
	at org.apache.velocity.runtime.parser.Parser.UnaryExpression(Parser.java:2586)
	at org.apache.velocity.runtime.parser.Parser.MultiplicativeExpression(Parser.java:2435)
	at org.apache.velocity.runtime.parser.Parser.AdditiveExpression(Parser.java:2359)
	at org.apache.velocity.runtime.parser.Parser.RelationalExpression(Parser.java:2227)
	at org.apache.velocity.runtime.parser.Parser.EqualityExpression(Parser.java:2197)
	at org.apache.velocity.runtime.parser.Parser.ConditionalAndExpression(Parser.java:2111)
	at org.apache.velocity.runtime.parser.Parser.ConditionalOrExpression(Parser.java:2071)
	at org.apache.velocity.runtime.parser.Parser.Expression(Parser.java:2018)
	at org.apache.velocity.runtime.parser.Parser.IfStatement(Parser.java:1655)
	at org.apache.velocity.runtime.parser.Parser.Statement(Parser.java:352)
	at org.apache.velocity.runtime.parser.Parser.process(Parser.java:317)
	at org.apache.velocity.runtime.parser.Parser.parse(Parser.java:117)
	at org.apache.velocity.runtime.RuntimeInstance.parse(RuntimeInstance.java:1226)
	at org.apache.velocity.runtime.RuntimeInstance.parse(RuntimeInstance.java:1181)
	at org.apache.velocity.runtime.RuntimeInstance.evaluate(RuntimeInstance.java:1297)
	at org.apache.velocity.runtime.RuntimeInstance.evaluate(RuntimeInstance.java:1265)
	at org.apache.velocity.app.Velocity.evaluate(Velocity.java:180)
	at org.reluxa.mail.EmailComposer.getWeeklyEvalEmail(EmailComposer.java:47)
	at org.reluxa.squash.mail.EmailComposerTest.testWeeklyGeneration(EmailComposerTest.java:33)
	at sun.reflect.NativeMethodAccessorImpl.invoke0(Native Method)
	at sun.reflect.NativeMethodAccessorImpl.invoke(NativeMethodAccessorImpl.java:57)
	at sun.reflect.DelegatingMethodAccessorImpl.invoke(DelegatingMethodAccessorImpl.java:43)
	at java.lang.reflect.Method.invoke(Method.java:601)
	at org.junit.runners.model.FrameworkMethod$1.runReflectiveCall(FrameworkMethod.java:44)
	at org.junit.internal.runners.model.ReflectiveCallable.run(ReflectiveCallable.java:15)
	at org.junit.runners.model.FrameworkMethod.invokeExplosively(FrameworkMethod.java:41)
	at org.junit.internal.runners.statements.InvokeMethod.evaluate(InvokeMethod.java:20)
	at org.junit.runners.BlockJUnit4ClassRunner.runNotIgnored(BlockJUnit4ClassRunner.java:79)
	at org.junit.runners.BlockJUnit4ClassRunner.runChild(BlockJUnit4ClassRunner.java:71)
	at org.junit.runners.BlockJUnit4ClassRunner.runChild(BlockJUnit4ClassRunner.java:49)
	at org.junit.runners.ParentRunner$3.run(ParentRunner.java:193)
	at org.junit.runners.ParentRunner$1.schedule(ParentRunner.java:52)
	at org.junit.runners.ParentRunner.runChildren(ParentRunner.java:191)
	at org.junit.runners.ParentRunner.access$000(ParentRunner.java:42)
	at org.junit.runners.ParentRunner$2.evaluate(ParentRunner.java:184)
	at org.junit.runners.ParentRunner.run(ParentRunner.java:236)
	at org.eclipse.jdt.internal.junit4.runner.JUnit4TestReference.run(JUnit4TestReference.java:50)
	at org.eclipse.jdt.internal.junit.runner.TestExecution.run(TestExecution.java:38)
	at org.eclipse.jdt.internal.junit.runner.RemoteTestRunner.runTests(RemoteTestRunner.java:467)
	at org.eclipse.jdt.internal.junit.runner.RemoteTestRunner.runTests(RemoteTestRunner.java:683)
	at org.eclipse.jdt.internal.junit.runner.RemoteTestRunner.run(RemoteTestRunner.java:390)
	at org.eclipse.jdt.internal.junit.runner.RemoteTestRunner.main(RemoteTestRunner.java:197)
2014-02-09 16:22:58,334 - Parser Exception: log tag
org.apache.velocity.runtime.parser.ParseException: Encountered "null" at line 80, column 14.
Was expecting one of:
    "[" ...
    "{" ...
    "(" ...
    <STRING_LITERAL> ...
    "true" ...
    "false" ...
    <INTEGER_LITERAL> ...
    <FLOATING_POINT_LITERAL> ...
    <IDENTIFIER> ...
    "{" ...
    "[" ...
    
	at org.apache.velocity.runtime.parser.Parser.generateParseException(Parser.java:3679)
	at org.apache.velocity.runtime.parser.Parser.jj_consume_token(Parser.java:3558)
	at org.apache.velocity.runtime.parser.Parser.PrimaryExpression(Parser.java:2644)
	at org.apache.velocity.runtime.parser.Parser.UnaryExpression(Parser.java:2586)
	at org.apache.velocity.runtime.parser.Parser.MultiplicativeExpression(Parser.java:2435)
	at org.apache.velocity.runtime.parser.Parser.AdditiveExpression(Parser.java:2359)
	at org.apache.velocity.runtime.parser.Parser.RelationalExpression(Parser.java:2227)
	at org.apache.velocity.runtime.parser.Parser.EqualityExpression(Parser.java:2197)
	at org.apache.velocity.runtime.parser.Parser.ConditionalAndExpression(Parser.java:2111)
	at org.apache.velocity.runtime.parser.Parser.ConditionalOrExpression(Parser.java:2071)
	at org.apache.velocity.runtime.parser.Parser.Expression(Parser.java:2018)
	at org.apache.velocity.runtime.parser.Parser.IfStatement(Parser.java:1655)
	at org.apache.velocity.runtime.parser.Parser.Statement(Parser.java:352)
	at org.apache.velocity.runtime.parser.Parser.process(Parser.java:317)
	at org.apache.velocity.runtime.parser.Parser.parse(Parser.java:117)
	at org.apache.velocity.runtime.RuntimeInstance.parse(RuntimeInstance.java:1226)
	at org.apache.velocity.runtime.RuntimeInstance.parse(RuntimeInstance.java:1181)
	at org.apache.velocity.runtime.RuntimeInstance.evaluate(RuntimeInstance.java:1297)
	at org.apache.velocity.runtime.RuntimeInstance.evaluate(RuntimeInstance.java:1265)
	at org.apache.velocity.app.Velocity.evaluate(Velocity.java:180)
	at org.reluxa.mail.EmailComposer.getWeeklyEvalEmail(EmailComposer.java:47)
	at org.reluxa.squash.mail.EmailComposerTest.testWeeklyGeneration(EmailComposerTest.java:33)
	at sun.reflect.NativeMethodAccessorImpl.invoke0(Native Method)
	at sun.reflect.NativeMethodAccessorImpl.invoke(NativeMethodAccessorImpl.java:57)
	at sun.reflect.DelegatingMethodAccessorImpl.invoke(DelegatingMethodAccessorImpl.java:43)
	at java.lang.reflect.Method.invoke(Method.java:601)
	at org.junit.runners.model.FrameworkMethod$1.runReflectiveCall(FrameworkMethod.java:44)
	at org.junit.internal.runners.model.ReflectiveCallable.run(ReflectiveCallable.java:15)
	at org.junit.runners.model.FrameworkMethod.invokeExplosively(FrameworkMethod.java:41)
	at org.junit.internal.runners.statements.InvokeMethod.evaluate(InvokeMethod.java:20)
	at org.junit.runners.BlockJUnit4ClassRunner.runNotIgnored(BlockJUnit4ClassRunner.java:79)
	at org.junit.runners.BlockJUnit4ClassRunner.runChild(BlockJUnit4ClassRunner.java:71)
	at org.junit.runners.BlockJUnit4ClassRunner.runChild(BlockJUnit4ClassRunner.java:49)
	at org.junit.runners.ParentRunner$3.run(ParentRunner.java:193)
	at org.junit.runners.ParentRunner$1.schedule(ParentRunner.java:52)
	at org.junit.runners.ParentRunner.runChildren(ParentRunner.java:191)
	at org.junit.runners.ParentRunner.access$000(ParentRunner.java:42)
	at org.junit.runners.ParentRunner$2.evaluate(ParentRunner.java:184)
	at org.junit.runners.ParentRunner.run(ParentRunner.java:236)
	at org.eclipse.jdt.internal.junit4.runner.JUnit4TestReference.run(JUnit4TestReference.java:50)
	at org.eclipse.jdt.internal.junit.runner.TestExecution.run(TestExecution.java:38)
	at org.eclipse.jdt.internal.junit.runner.RemoteTestRunner.runTests(RemoteTestRunner.java:467)
	at org.eclipse.jdt.internal.junit.runner.RemoteTestRunner.runTests(RemoteTestRunner.java:683)
	at org.eclipse.jdt.internal.junit.runner.RemoteTestRunner.run(RemoteTestRunner.java:390)
	at org.eclipse.jdt.internal.junit.runner.RemoteTestRunner.main(RemoteTestRunner.java:197)
2014-02-09 16:23:08,589 - Left side ($win.size) of '>' operation has null value at log tag[line 28, column 25]
2014-02-09 16:23:08,590 - Left side ($win.size) of '>' operation has null value at log tag[line 80, column 25]
2014-02-09 16:25:13,979 - Left side ($win.size) of '>' operation has null value at log tag[line 28, column 25]
2014-02-09 16:25:13,980 - Left side ($win.size) of '>' operation has null value at log tag[line 80, column 25]
2014-02-09 16:25:52,227 - Left side ($win.size) of '>' operation has null value at log tag[line 28, column 17]
2014-02-09 16:25:52,228 - Left side ($win.size) of '>' operation has null value at log tag[line 80, column 17]
2014-02-09 16:26:16,173 - Left side ($win.size) of '>' operation has null value at log tag[line 29, column 17]
2014-02-09 16:26:16,174 - Left side ($win.size) of '>' operation has null value at log tag[line 81, column 17]
2014-02-09 16:26:36,510 - Left side ($win.size) of '>' operation has null value at log tag[line 29, column 17]
2014-02-09 16:26:36,510 - Left side ($win.size) of '>' operation has null value at log tag[line 81, column 17]
2014-02-09 16:26:55,181 - Left side ($win.size) of '>' operation has null value at log tag[line 29, column 17]
2014-02-09 16:26:55,182 - Left side ($win.size) of '>' operation has null value at log tag[line 81, column 17]
2014-02-09 16:28:25,088 - Left side ($win.size) of '>' operation has null value at log tag[line 81, column 17]
2014-02-09 16:29:00,445 - Left side ($win.size) of '>' operation has null value at log tag[line 80, column 17]
